#
# There is insufficient memory for the Java Runtime Environment to continue.
# Native memory allocation (mmap) failed to map 266338304 bytes for G1 virtual space
# Possible reasons:
#   The system is out of physical RAM or swap space
#   The process is running with CompressedOops enabled, and the Java Heap may be blocking the growth of the native heap
# Possible solutions:
#   Reduce memory load on the system
#   Increase physical memory or swap space
#   Check if swap backing store is full
#   Decrease Java heap size (-Xmx/-Xms)
#   Decrease number of Java threads
#   Decrease Java thread stack sizes (-Xss)
#   Set larger code cache with -XX:ReservedCodeCacheSize=
#   JVM is running with Zero Based Compressed Oops mode in which the Java heap is
#     placed in the first 32GB address space. The Java Heap base address is the
#     maximum limit for the native heap growth. Please use -XX:HeapBaseMinAddress
#     to set the Java Heap base and to place the Java Heap above 32GB virtual address.
# This output file may be truncated or incomplete.
#
#  Out of Memory Error (os_windows.cpp:3548), pid=17124, tid=18516
#
# JRE version:  (17.0.10+11) (build )
# Java VM: Java HotSpot(TM) 64-Bit Server VM (17.0.10+11-LTS-240, mixed mode, emulated-client, sharing, tiered, compressed oops, compressed class ptrs, g1 gc, windows-amd64)
# No core dump will be written. Minidumps are not enabled by default on client versions of Windows
#

---------------  S U M M A R Y ------------

Command Line: -agentlib:jdwp=transport=dt_socket,address=127.0.0.1:51121,suspend=y,server=n -XX:TieredStopAtLevel=1 -Dspring.output.ansi.enabled=always -Dcom.sun.management.jmxremote -Dspring.jmx.enabled=true -Dspring.liveBeansView.mbeanDomain -Dspring.application.admin.enabled=true -javaagent:C:\Users\24197\AppData\Local\JetBrains\IntelliJIdea2022.2\captureAgent\debugger-agent.jar -Dfile.encoding=UTF-8 com.example.projectserve.ProjectServeApplication

Host: 11th Gen Intel(R) Core(TM) i5-11300H @ 3.10GHz, 8 cores, 15G,  Windows 11 , 64 bit Build 22621 (10.0.22621.3235)
Time: Mon Mar 18 17:02:40 2024  Windows 11 , 64 bit Build 22621 (10.0.22621.3235) elapsed time: 0.021612 seconds (0d 0h 0m 0s)

---------------  T H R E A D  ---------------

Current thread (0x0000017190463a70):  JavaThread "Unknown thread" [_thread_in_vm, id=18516, stack(0x000000374e600000,0x000000374e700000)]

Stack: [0x000000374e600000,0x000000374e700000]
Native frames: (J=compiled Java code, j=interpreted, Vv=VM code, C=native code)
V  [jvm.dll+0x677a5a]
V  [jvm.dll+0x7d8b2d]
V  [jvm.dll+0x7da48e]
V  [jvm.dll+0x7daaf3]
V  [jvm.dll+0x2455ff]
V  [jvm.dll+0x6749b9]
V  [jvm.dll+0x669382]
V  [jvm.dll+0x302e96]
V  [jvm.dll+0x30a416]
V  [jvm.dll+0x359cbe]
V  [jvm.dll+0x359eef]
V  [jvm.dll+0x2d9e88]
V  [jvm.dll+0x2dadf4]
V  [jvm.dll+0x7aa551]
V  [jvm.dll+0x367911]
V  [jvm.dll+0x789639]
V  [jvm.dll+0x3eb30f]
V  [jvm.dll+0x3ecd91]
C  [jli.dll+0x5297]
C  [ucrtbase.dll+0x29363]
C  [KERNEL32.DLL+0x1257d]
C  [ntdll.dll+0x5aa58]


---------------  P R O C E S S  ---------------

Threads class SMR info:
_java_thread_list=0x00007ffe70006a18, length=0, elements={
}

Java Threads: ( => current thread )

Other Threads:
  0x00000171904cea90 GCTaskThread "GC Thread#0" [stack: 0x000000374e700000,0x000000374e800000] [id=11956]
  0x00000171904df670 ConcurrentGCThread "G1 Main Marker" [stack: 0x000000374e800000,0x000000374e900000] [id=13540]
  0x00000171904e0080 ConcurrentGCThread "G1 Conc#0" [stack: 0x000000374e900000,0x000000374ea00000] [id=10016]

[error occurred during error reporting (printing all threads), id 0xc0000005, EXCEPTION_ACCESS_VIOLATION (0xc0000005) at pc=0x00007ffe6f83aae7]

VM state: not at safepoint (not fully initialized)

VM Mutex/Monitor currently owned by a thread:  ([mutex/lock_event])
[0x000001719045e940] Heap_lock - owner thread: 0x0000017190463a70

Heap address: 0x0000000703600000, size: 4042 MB, Compressed Oops mode: Zero based, Oop shift amount: 3

CDS archive(s) mapped at: [0x0000000000000000-0x0000000000000000-0x0000000000000000), size 0, SharedBaseAddress: 0x0000000800000000, ArchiveRelocationMode: 1.
Narrow klass base: 0x0000000000000000, Narrow klass shift: 0, Narrow klass range: 0x0

GC Precious Log:
<Empty>

Heap:
 garbage-first heap   total 0K, used 0K [0x0000000703600000, 0x0000000800000000)
  region size 2048K, 0 young (0K), 0 survivors (0K)

[error occurred during error reporting (printing heap information), id 0xc0000005, EXCEPTION_ACCESS_VIOLATION (0xc0000005) at pc=0x00007ffe6fc21249]

GC Heap History (0 events):
No events

Deoptimization events (0 events):
No events

Classes unloaded (0 events):
No events

Classes redefined (0 events):
No events

Internal exceptions (0 events):
No events

VM Operations (0 events):
No events

Events (2 events):
Event: 0.015 Loaded shared library D:\Program Files\javadev\jdk-17.0.10\bin\java.dll
Event: 0.016 Loaded shared library D:\Program Files\javadev\jdk-17.0.10\bin\zip.dll


Dynamic libraries:
0x00007ff675f40000 - 0x00007ff675f50000 	D:\Program Files\javadev\jdk-17.0.10\bin\java.exe
0x00007ffedcc90000 - 0x00007ffedcea6000 	C:\WINDOWS\SYSTEM32\ntdll.dll
0x00007ffedbc10000 - 0x00007ffedbcd4000 	C:\WINDOWS\System32\KERNEL32.DLL
0x00007ffeda600000 - 0x00007ffeda9a6000 	C:\WINDOWS\System32\KERNELBASE.dll
0x00007ffed9fd0000 - 0x00007ffeda0e1000 	C:\WINDOWS\System32\ucrtbase.dll
0x00007ffec4620000 - 0x00007ffec4639000 	D:\Program Files\javadev\jdk-17.0.10\bin\jli.dll
0x00007ffec4640000 - 0x00007ffec465b000 	D:\Program Files\javadev\jdk-17.0.10\bin\VCRUNTIME140.dll
0x00007ffeda9e0000 - 0x00007ffedaa92000 	C:\WINDOWS\System32\ADVAPI32.dll
0x00007ffedab60000 - 0x00007ffedac07000 	C:\WINDOWS\System32\msvcrt.dll
0x00007ffedbb60000 - 0x00007ffedbc08000 	C:\WINDOWS\System32\sechost.dll
0x00007ffeda9b0000 - 0x00007ffeda9d8000 	C:\WINDOWS\System32\bcrypt.dll
0x00007ffedac60000 - 0x00007ffedad75000 	C:\WINDOWS\System32\RPCRT4.dll
0x00007ffedbdf0000 - 0x00007ffedbf9d000 	C:\WINDOWS\System32\USER32.dll
0x00007ffeda160000 - 0x00007ffeda186000 	C:\WINDOWS\System32\win32u.dll
0x00007ffedb7a0000 - 0x00007ffedb7c9000 	C:\WINDOWS\System32\GDI32.dll
0x00007ffeda440000 - 0x00007ffeda558000 	C:\WINDOWS\System32\gdi32full.dll
0x00007ffebe2f0000 - 0x00007ffebe583000 	C:\WINDOWS\WinSxS\amd64_microsoft.windows.common-controls_6595b64144ccf1df_6.0.22621.3235_none_270f74e173860f98\COMCTL32.dll
0x00007ffeda560000 - 0x00007ffeda5fa000 	C:\WINDOWS\System32\msvcp_win.dll
0x00007ffed9c10000 - 0x00007ffed9c1a000 	C:\WINDOWS\SYSTEM32\VERSION.dll
0x00007ffedab20000 - 0x00007ffedab51000 	C:\WINDOWS\System32\IMM32.DLL
0x0000000058c80000 - 0x0000000058c8d000 	C:\Program Files\360\360Safe\safemon\SafeWrapper.dll
0x00007ffeba040000 - 0x00007ffeba0ec000 	C:\Program Files\360\360Safe\safemon\libzdtp64.dll
0x00007ffedae00000 - 0x00007ffedb65d000 	C:\WINDOWS\System32\SHELL32.dll
0x00007ffedada0000 - 0x00007ffedadfe000 	C:\WINDOWS\System32\SHLWAPI.dll
0x00007ffecf620000 - 0x00007ffecf62c000 	D:\Program Files\javadev\jdk-17.0.10\bin\vcruntime140_1.dll
0x00007ffea5060000 - 0x00007ffea50ee000 	D:\Program Files\javadev\jdk-17.0.10\bin\msvcp140.dll
0x00007ffe6f550000 - 0x00007ffe7012f000 	D:\Program Files\javadev\jdk-17.0.10\bin\server\jvm.dll
0x00007ffedbfa0000 - 0x00007ffedbfa8000 	C:\WINDOWS\System32\PSAPI.DLL
0x00007ffed1430000 - 0x00007ffed1464000 	C:\WINDOWS\SYSTEM32\WINMM.dll
0x00007ffed6e20000 - 0x00007ffed6e29000 	C:\WINDOWS\SYSTEM32\WSOCK32.dll
0x00007ffedc410000 - 0x00007ffedc481000 	C:\WINDOWS\System32\WS2_32.dll
0x00007ffed9090000 - 0x00007ffed90a8000 	C:\WINDOWS\SYSTEM32\kernel.appcore.dll
0x00007ffecb970000 - 0x00007ffecb97a000 	D:\Program Files\javadev\jdk-17.0.10\bin\jimage.dll
0x00007ffed7950000 - 0x00007ffed7b83000 	C:\WINDOWS\SYSTEM32\DBGHELP.DLL
0x00007ffedb7d0000 - 0x00007ffedbb58000 	C:\WINDOWS\System32\combase.dll
0x00007ffedcb70000 - 0x00007ffedcc47000 	C:\WINDOWS\System32\OLEAUT32.dll
0x00007ffeb44f0000 - 0x00007ffeb4522000 	C:\WINDOWS\SYSTEM32\dbgcore.DLL
0x00007ffeda300000 - 0x00007ffeda37a000 	C:\WINDOWS\System32\bcryptPrimitives.dll
0x00007ffeb6d00000 - 0x00007ffeb6d3b000 	D:\Program Files\javadev\jdk-17.0.10\bin\jdwp.dll
0x00007ffebde10000 - 0x00007ffebde1e000 	D:\Program Files\javadev\jdk-17.0.10\bin\instrument.dll
0x00007ffebdcb0000 - 0x00007ffebdcd5000 	D:\Program Files\javadev\jdk-17.0.10\bin\java.dll
0x00007ffebd230000 - 0x00007ffebd248000 	D:\Program Files\javadev\jdk-17.0.10\bin\zip.dll

dbghelp: loaded successfully - version: 4.0.5 - missing functions: none
symbol engine: initialized successfully - sym options: 0x614 - pdb path: .;D:\Program Files\javadev\jdk-17.0.10\bin;C:\WINDOWS\SYSTEM32;C:\WINDOWS\WinSxS\amd64_microsoft.windows.common-controls_6595b64144ccf1df_6.0.22621.3235_none_270f74e173860f98;C:\Program Files\360\360Safe\safemon;D:\Program Files\javadev\jdk-17.0.10\bin\server

VM Arguments:
jvm_args: -agentlib:jdwp=transport=dt_socket,address=127.0.0.1:51121,suspend=y,server=n -XX:TieredStopAtLevel=1 -Dspring.output.ansi.enabled=always -Dcom.sun.management.jmxremote -Dspring.jmx.enabled=true -Dspring.liveBeansView.mbeanDomain -Dspring.application.admin.enabled=true -javaagent:C:\Users\24197\AppData\Local\JetBrains\IntelliJIdea2022.2\captureAgent\debugger-agent.jar -Dfile.encoding=UTF-8 
java_command: com.example.projectserve.ProjectServeApplication
java_class_path (initial): D:\IDEA_projects\ComputerDesign\project-serve\target\classes;C:\Users\24197\.m2\repository\org\springframework\boot\spring-boot-starter-web\3.2.3\spring-boot-starter-web-3.2.3.jar;C:\Users\24197\.m2\repository\org\springframework\boot\spring-boot-starter\3.2.3\spring-boot-starter-3.2.3.jar;C:\Users\24197\.m2\repository\org\springframework\boot\spring-boot\3.2.3\spring-boot-3.2.3.jar;C:\Users\24197\.m2\repository\org\springframework\boot\spring-boot-autoconfigure\3.2.3\spring-boot-autoconfigure-3.2.3.jar;C:\Users\24197\.m2\repository\org\springframework\boot\spring-boot-starter-logging\3.2.3\spring-boot-starter-logging-3.2.3.jar;C:\Users\24197\.m2\repository\ch\qos\logback\logback-classic\1.4.14\logback-classic-1.4.14.jar;C:\Users\24197\.m2\repository\ch\qos\logback\logback-core\1.4.14\logback-core-1.4.14.jar;C:\Users\24197\.m2\repository\org\apache\logging\log4j\log4j-to-slf4j\2.21.1\log4j-to-slf4j-2.21.1.jar;C:\Users\24197\.m2\repository\org\apache\logging\log4j\log4j-api\2.21.1\log4j-api-2.21.1.jar;C:\Users\24197\.m2\repository\org\slf4j\jul-to-slf4j\2.0.12\jul-to-slf4j-2.0.12.jar;C:\Users\24197\.m2\repository\jakarta\annotation\jakarta.annotation-api\2.1.1\jakarta.annotation-api-2.1.1.jar;C:\Users\24197\.m2\repository\org\yaml\snakeyaml\2.2\snakeyaml-2.2.jar;C:\Users\24197\.m2\repository\org\springframework\boot\spring-boot-starter-json\3.2.3\spring-boot-starter-json-3.2.3.jar;C:\Users\24197\.m2\repository\com\fasterxml\jackson\core\jackson-databind\2.15.4\jackson-databind-2.15.4.jar;C:\Users\24197\.m2\repository\com\fasterxml\jackson\core\jackson-annotations\2.15.4\jackson-annotations-2.15.4.jar;C:\Users\24197\.m2\repository\com\fasterxml\jackson\core\jackson-core\2.15.4\jackson-core-2.15.4.jar;C:\Users\24197\.m2\repository\com\fasterxml\jackson\datatype\jackson-datatype-jdk8\2.15.4\jackson-datatype-jdk8-2.15.4.jar;C:\Users\24197\.m2\repository\com\fasterxml\jackson\datatype\jackson-datatype-jsr310\2.15.4\jackson-datatype-jsr310-2.15
Launcher Type: SUN_STANDARD

[Global flags]
     intx CICompilerCount                          = 4                                         {product} {ergonomic}
     uint ConcGCThreads                            = 2                                         {product} {ergonomic}
     uint G1ConcRefinementThreads                  = 8                                         {product} {ergonomic}
   size_t G1HeapRegionSize                         = 2097152                                   {product} {ergonomic}
    uintx GCDrainStackTargetSize                   = 64                                        {product} {ergonomic}
   size_t InitialHeapSize                          = 266338304                                 {product} {ergonomic}
     bool ManagementServer                         = true                                      {product} {command line}
   size_t MarkStackSize                            = 4194304                                   {product} {ergonomic}
   size_t MaxHeapSize                              = 4238344192                                {product} {ergonomic}
   size_t MinHeapDeltaBytes                        = 2097152                                   {product} {ergonomic}
   size_t MinHeapSize                              = 8388608                                   {product} {ergonomic}
    uintx NonProfiledCodeHeapSize                  = 0                                      {pd product} {ergonomic}
     bool ProfileInterpreter                       = false                                  {pd product} {command line}
    uintx ProfiledCodeHeapSize                     = 0                                      {pd product} {ergonomic}
   size_t SoftMaxHeapSize                          = 4238344192                             {manageable} {ergonomic}
     intx TieredStopAtLevel                        = 1                                         {product} {command line}
     bool UseCompressedClassPointers               = true                           {product lp64_product} {ergonomic}
     bool UseCompressedOops                        = true                           {product lp64_product} {ergonomic}
     bool UseG1GC                                  = true                                      {product} {ergonomic}
     bool UseLargePagesIndividualAllocation        = false                                  {pd product} {ergonomic}

Logging:
Log output configuration:
 #0: stdout all=warning uptime,level,tags
 #1: stderr all=off uptime,level,tags

Environment Variables:
JAVA_HOME=D:\Program Files\javadev\jdk-19
PATH=C:\WINDOWS\system32;D:\Program Files\javadev\jdk-19\bin;D:\Program Files\javadev\apache-tomcat-10.1.15\bin;D:\Program Files\apache-maven-3.8.8\bin;C:\Program Files\Common Files\Oracle\Java\javapath;C:\Program Files (x86)\Common Files\Oracle\Java\javapath;D:\VMware\bin\;C:\Windows\system32;C:\Windows;C:\Windows\System32\Wbem;C:\Windows\System32\WindowsPowerShell\v1.0\;C:\Windows\System32\OpenSSH\;C:\Program Files (x86)\NVIDIA Corporation\PhysX\Common;C:\Program Files\NVIDIA Corporation\NVIDIA NvDLISR;C:\Program Files\dotnet\;C:\Program Files\Microsoft SQL Server\130\Tools\Binn\;C:\WINDOWS;C:\WINDOWS\System32\Wbem;C:\WINDOWS\System32\WindowsPowerShell\v1.0\;C:\WINDOWS\System32\OpenSSH\;C:\Program Files\MySQL\MySQL Server 8.0\bin;C:\Program Files\nvm;C:\Program Files\nodejs;D:\Git\cmd;D:\Program Files\微信web开发者工具\dll;C:\Users\24197\AppData\Local\Programs\Python\Python311\Scripts\;C:\Users\24197\AppData\Local\Programs\Python\Python311\;C:\Program Files\MySQL\MySQL Shell 8.0\bin\;C:\Users\24197\AppData\Local\Programs\Python\Python310\Scripts\;C:\Users\24197\AppData\Local\Programs\Python\Python310\;C:\Users\24197\AppData\Local\Microsoft\WindowsApps;C:\Users\24197\.dotnet\tools;C:\Program Files\JetBrains\PyCharm Community Edition 2021.2.3\bin;;C:\Users\24197\AppData\Local\Programs\Microsoft VS Code\bin;D:\pycharm\PyCharm 2022.3.1\bin;;C:\Program Files\Graphviz\bin;C:\Program Files\nvm;C:\Program Files\nodejs;C:\Users\24197\AppData\Local\GitHubDesktop\bin
USERNAME=24197
OS=Windows_NT
PROCESSOR_IDENTIFIER=Intel64 Family 6 Model 140 Stepping 1, GenuineIntel



---------------  S Y S T E M  ---------------

OS:
 Windows 11 , 64 bit Build 22621 (10.0.22621.3235)
OS uptime: 1 days 7:08 hours

CPU: total 8 (initial active 8) (4 cores per cpu, 2 threads per core) family 6 model 140 stepping 1 microcode 0x8a, cx8, cmov, fxsr, ht, mmx, 3dnowpref, sse, sse2, sse3, ssse3, sse4.1, sse4.2, popcnt, lzcnt, tsc, tscinvbit, avx, avx2, aes, erms, clmul, bmi1, bmi2, adx, avx512f, avx512dq, avx512cd, avx512bw, avx512vl, sha, fma, vzeroupper, avx512_vpopcntdq, avx512_vpclmulqdq, avx512_vaes, avx512_vnni, clflush, clflushopt, clwb, avx512_vbmi2, avx512_vbmi

Memory: 4k page, system-wide physical 16167M (3574M free)
TotalPageFile size 16167M (AvailPageFile size 252M)
current process WorkingSet (physical memory assigned to process): 13M, peak: 13M
current process commit charge ("private bytes"): 56M, peak: 309M

vm_info: Java HotSpot(TM) 64-Bit Server VM (17.0.10+11-LTS-240) for windows-amd64 JRE (17.0.10+11-LTS-240), built on Dec 19 2023 21:47:25 by "mach5one" with MS VC++ 17.1 (VS2022)

END.
